<?xml version="1.0" encoding="UTF-8"?>
<testng-results skipped="0" failed="0" total="1" passed="1">
  <reporter-output>
  </reporter-output>
  <suite name="Default suite" duration-ms="9488" started-at="2018-11-30T11:13:26Z" finished-at="2018-11-30T11:13:36Z">
    <groups>
    </groups>
    <test name="Default test" duration-ms="9488" started-at="2018-11-30T11:13:26Z" finished-at="2018-11-30T11:13:36Z">
      <class name="com.MavenSelenium.product.google.BasicSeleniumScript">
        <test-method status="PASS" signature="testingFirefoxScript1()[pri:0, instance:com.MavenSelenium.product.google.BasicSeleniumScript@ae45eb6]" name="testingFirefoxScript1" duration-ms="9421" started-at="2018-11-30T16:43:26Z" finished-at="2018-11-30T16:43:36Z">
          <reporter-output>
          </reporter-output>
        </test-method> <!-- testingFirefoxScript1 -->
      </class> <!-- com.MavenSelenium.product.google.BasicSeleniumScript -->
    </test> <!-- Default test -->
  </suite> <!-- Default suite -->
</testng-results>
